<?xml version="1.0" encoding="UTF-8" ?>
<testsuite tests="5" failures="0" name="superkey.keychain.KeyEntryTest" time="0" errors="0" skipped="0">
  <properties>
[...]
</properties>
  <testcase classname="superkey.keychain.KeyEntryTest" name="testKey" time="0"/>
  <testcase classname="superkey.keychain.KeyEntryTest" name="testParse" time="0"/>
  <testcase classname="superkey.keychain.KeyEntryTest" name="testToString" time="0"/>
  <testcase classname="superkey.keychain.KeyEntryTest" name="testSetApplicationNameWithNull" time="0"/>
  <testcase classname="superkey.keychain.KeyEntryTest" name="testFormatAsCsv" time="0"/>
</testsuite>